<?xml version="1.0" encoding="UTF-8" standalone="no"?><testsuite errors="0" failures="0" name="com.bestbuy.crudtest.ProductCRUDTestWithSteps" skipped="0" tests="4" time="5.03" timestamp="2024-01-23 06:29:34"><testcase classname="com.bestbuy.crudtest.ProductCRUDTestWithSteps" name="This will create a new product"/><testcase classname="com.bestbuy.crudtest.ProductCRUDTestWithSteps" name="Verify that product has been added to the application"/><testcase classname="com.bestbuy.crudtest.ProductCRUDTestWithSteps" name="Update the Product information and verify the created product is updated"/><testcase classname="com.bestbuy.crudtest.ProductCRUDTestWithSteps" name="Delete the Product and verify if the Product is deleted!"/></testsuite>